# JRE version: Java(TM) SE Runtime Environment (18.0.2.1+1) (build 18.0.2.1+1-1)
# Java VM: Java HotSpot(TM) 64-Bit Server VM (18.0.2.1+1-1, mixed mode, sharing, tiered, compressed oops, compressed class ptrs, g1 gc, windows-amd64)
GC Precious Log:
 CardTable entry size: 512
 Card Set container configuration: InlinePtr #cards 5 size 8 Array Of Cards #cards 12 size 40 Howl #buckets 4 coarsen threshold 1843 Howl Bitmap #cards 512 size 80 coarsen threshold 460 Card regions per heap region 1 cards per card region 2048
 CPUs: 8 total, 8 available
 Memory: 7859M
 Large Page Support: Disabled
 NUMA Support: Disabled
 Compressed Oops: Enabled (32-bit)
 Heap Region Size: 1M
 Heap Min Capacity: 8M
 Heap Initial Capacity: 124M
 Heap Max Capacity: 1966M
 Pre-touch: Disabled
 Parallel Workers: 8
 Concurrent Workers: 2
 Concurrent Refinement Workers: 8
 Periodic GC: Disabled
Heap:
 garbage-first heap   total 71680K, used 52940K [0x0000000085200000, 0x0000000100000000)
  region size 1024K, 21 young (21504K), 1 survivors (1024K)
 Metaspace       used 39439K, committed 39744K, reserved 1114112K
  class space    used 5051K, committed 5248K, reserved 1048576K
GC Heap History (12 events):
Event: 0.940 GC heap before
{Heap before GC invocations=0 (full 0):
 garbage-first heap   total 126976K, used 31744K [0x0000000085200000, 0x0000000100000000)
  region size 1024K, 23 young (23552K), 0 survivors (0K)
 Metaspace       used 11986K, committed 12160K, reserved 1114112K
  class space    used 1522K, committed 1600K, reserved 1048576K
}
Event: 0.947 GC heap after
{Heap after GC invocations=1 (full 0):
 garbage-first heap   total 126976K, used 14843K [0x0000000085200000, 0x0000000100000000)
  region size 1024K, 3 young (3072K), 3 survivors (3072K)
 Metaspace       used 11986K, committed 12160K, reserved 1114112K
  class space    used 1522K, committed 1600K, reserved 1048576K
}
Event: 1.412 GC heap before
{Heap before GC invocations=1 (full 0):
 garbage-first heap   total 126976K, used 33275K [0x0000000085200000, 0x0000000100000000)
  region size 1024K, 22 young (22528K), 3 survivors (3072K)
 Metaspace       used 18687K, committed 18880K, reserved 1114112K
  class space    used 2544K, committed 2624K, reserved 1048576K
}
Event: 1.416 GC heap after
{Heap after GC invocations=2 (full 0):
 garbage-first heap   total 126976K, used 17332K [0x0000000085200000, 0x0000000100000000)
  region size 1024K, 3 young (3072K), 3 survivors (3072K)
 Metaspace       used 18687K, committed 18880K, reserved 1114112K
  class space    used 2544K, committed 2624K, reserved 1048576K
}
Event: 1.576 GC heap before
{Heap before GC invocations=2 (full 0):
 garbage-first heap   total 126976K, used 20404K [0x0000000085200000, 0x0000000100000000)
  region size 1024K, 8 young (8192K), 3 survivors (3072K)
 Metaspace       used 21341K, committed 21504K, reserved 1114112K
  class space    used 2791K, committed 2880K, reserved 1048576K
}
Event: 1.578 GC heap after
{Heap after GC invocations=3 (full 0):
 garbage-first heap   total 126976K, used 17823K [0x0000000085200000, 0x0000000100000000)
  region size 1024K, 3 young (3072K), 3 survivors (3072K)
 Metaspace       used 21341K, committed 21504K, reserved 1114112K
  class space    used 2791K, committed 2880K, reserved 1048576K
}
Event: 3.033 GC heap before
{Heap before GC invocations=4 (full 0):
 garbage-first heap   total 65536K, used 64927K [0x0000000085200000, 0x0000000100000000)
  region size 1024K, 49 young (50176K), 3 survivors (3072K)
 Metaspace       used 34154K, committed 34368K, reserved 1114112K
  class space    used 4431K, committed 4544K, reserved 1048576K
}
Event: 3.040 GC heap after
{Heap after GC invocations=5 (full 0):
 garbage-first heap   total 71680K, used 20923K [0x0000000085200000, 0x0000000100000000)
  region size 1024K, 6 young (6144K), 6 survivors (6144K)
 Metaspace       used 34154K, committed 34368K, reserved 1114112K
  class space    used 4431K, committed 4544K, reserved 1048576K
}
Event: 3.046 GC heap before
{Heap before GC invocations=5 (full 0):
 garbage-first heap   total 71680K, used 21947K [0x0000000085200000, 0x0000000100000000)
  region size 1024K, 7 young (7168K), 6 survivors (6144K)
 Metaspace       used 34180K, committed 34432K, reserved 1114112K
  class space    used 4431K, committed 4544K, reserved 1048576K
}
Event: 3.050 GC heap after
{Heap after GC invocations=6 (full 0):
 garbage-first heap   total 71680K, used 21184K [0x0000000085200000, 0x0000000100000000)
  region size 1024K, 1 young (1024K), 1 survivors (1024K)
 Metaspace       used 34180K, committed 34432K, reserved 1114112K
  class space    used 4431K, committed 4544K, reserved 1048576K
}
Event: 3.167 GC heap before
{Heap before GC invocations=6 (full 0):
 garbage-first heap   total 71680K, used 28352K [0x0000000085200000, 0x0000000100000000)
  region size 1024K, 9 young (9216K), 1 survivors (1024K)
 Metaspace       used 35933K, committed 36160K, reserved 1114112K
  class space    used 4671K, committed 4800K, reserved 1048576K
}
Event: 3.168 GC heap after
{Heap after GC invocations=7 (full 0):
 garbage-first heap   total 71680K, used 21196K [0x0000000085200000, 0x0000000100000000)
  region size 1024K, 1 young (1024K), 1 survivors (1024K)
 Metaspace       used 35933K, committed 36160K, reserved 1114112K
  class space    used 4671K, committed 4800K, reserved 1048576K
}

